2025-04-23 18:25:56,512 [INFO] === Начало установки голосового транскрайбера ===
2025-04-23 18:25:56,512 [INFO] Проверка виртуального окружения...
2025-04-23 18:25:56,512 [INFO] Обнаружено существующее виртуальное окружение
2025-04-23 18:25:56,512 [INFO] Пользователь отказался от удаления существующего окружения
2025-04-23 18:25:58,570 [INFO] Найден Python в виртуальном окружении: venv\Scripts\python.exe
2025-04-23 18:25:58,570 [INFO] Установка зависимостей...
2025-04-23 18:25:58,601 [INFO] Обновление pip...
2025-04-23 18:26:01,945 [INFO] Установка PyTorch с поддержкой CUDA...
2025-04-23 18:28:52,886 [INFO] Установка pywin32...
2025-04-23 18:35:00,600 [INFO] Регистрация pywin32...
2025-04-23 18:35:00,740 [INFO] Установка остальных зависимостей...
2025-04-23 18:36:12,990 [INFO] Зависимости успешно установлены
2025-04-23 18:36:41,364 [INFO] Скачивание моделей Whisper...
2025-04-23 18:36:41,365 [INFO] Запуск скрипта загрузки моделей...
2025-04-23 18:36:56,319 [INFO] Модели успешно загружены
2025-04-23 18:36:56,320 [INFO] Создание ярлыка на рабочем столе...
2025-04-23 18:36:56,384 [ERROR] Ошибка создания ICO: 
2025-04-23 18:36:56,432 [INFO] Ярлык создан на рабочем столе: C:\Users\maxim\Desktop\Голосовой транскрайбер.lnk
2025-04-23 18:36:56,433 [INFO] Проверка установки...
2025-04-23 18:37:01,340 [INFO] Результаты проверки установки:
2025-04-23 18:37:01,341 [INFO]   PyTorch версия: 2.5.1+cu121
2025-04-23 18:37:01,342 [INFO]   CUDA доступность: True
2025-04-23 18:37:01,343 [INFO]   CUDA версия: 12.1
2025-04-23 18:37:01,344 [INFO]   Устройство: NVIDIA GeForce RTX 3090
2025-04-23 18:37:01,346 [INFO]   Папка моделей: G:\m_LiveSTT_whisper\models
2025-04-23 18:37:01,347 [INFO]   Папка моделей существует: True
2025-04-23 18:37:01,348 [INFO]   Содержимое папки моделей: ['.locks', 'models--mobiuslabsgmbh--faster-whisper-large-v3-turbo']
2025-04-23 18:37:01,348 [INFO]   Проверка установки успешно завершена!
2025-04-23 18:37:01,349 [INFO] Установка успешно завершена!
2025-04-23 18:37:01,350 [INFO] === Установка успешно завершена! ===
2025-04-23 18:37:01,355 [INFO] Вы можете запустить приложение через ярлык на рабочем столе
2025-04-23 20:32:44,984 [INFO] === Начало установки голосового транскрайбера ===
2025-04-23 20:32:44,985 [INFO] Проверка виртуального окружения...
2025-04-23 20:32:44,986 [INFO] Обнаружено существующее виртуальное окружение
2025-04-23 20:34:56,928 [INFO] Пользователь отказался от удаления существующего окружения
2025-04-23 20:34:58,981 [INFO] Найден Python в виртуальном окружении: venv\Scripts\python.exe
2025-04-23 20:34:58,981 [INFO] Установка зависимостей...
2025-04-23 20:34:59,020 [INFO] Обновление pip...
2025-04-23 20:35:02,298 [INFO] Установка PyTorch с поддержкой CUDA...
